<?xml version="1.0" encoding="UTF-8"?>
<testExecutions version="1">
  <file path="C:\Development\CircleApi\tests\user.test.js">
    <testCase name="Auth tests should register new user" duration="210"/>
    <testCase name="Auth tests should not register new user without name" duration="6"/>
    <testCase name="Auth tests should not register new user without email" duration="5"/>
    <testCase name="Auth tests should login as user" duration="25"/>
    <testCase name="Auth tests should give error with wrong token" duration="11"/>
    <testCase name="Auth tests should give 404 status with wrong url" duration="15"/>
    <testCase name="Auth tests should get users" duration="4"/>
    <testCase name="Auth tests should get a single user" duration="48"/>
    <testCase name="Auth tests should update a single user" duration="67"/>
    <testCase name="Auth tests should create new Forum" duration="30"/>
    <testCase name="Auth tests should not register new Forum without details" duration="4"/>
    <testCase name="Auth tests should not register new Forum without name" duration="2"/>
    <testCase name="Auth tests should get Forums" duration="27"/>
    <testCase name="Auth tests should get a Forum" duration="30"/>
    <testCase name="Auth tests should update a Forum" duration="29"/>
    <testCase name="Auth tests should create new Post" duration="28"/>
    <testCase name="Auth tests should not register new Post without details" duration="3"/>
    <testCase name="Auth tests should get Posts" duration="23"/>
    <testCase name="Auth tests should get a Post" duration="24"/>
    <testCase name="Auth tests should update a Post" duration="42"/>
    <testCase name="Auth tests should get all history" duration="20"/>
  </file>
</testExecutions>